{"/Users/Abhipray 1/Desktop/MY home/mYY work/HEXAD_assignment/Hexad_trial_code/hexad/backend/configs/database/dao.js": {"path":"/Users/Abhipray 1/Desktop/MY home/mYY work/HEXAD_assignment/Hexad_trial_code/hexad/backend/configs/database/dao.js","statementMap":{"0":{"start":{"line":4,"column":4},"end":{"line":4,"column":49}}},"fnMap":{"0":{"name":"(anonymous_0)","decl":{"start":{"line":3,"column":15},"end":{"line":3,"column":16}},"loc":{"start":{"line":3,"column":27},"end":{"line":5,"column":1}},"line":3}},"branchMap":{},"s":{"0":1},"f":{"0":1},"b":{},"_coverageSchema":"43e27e138ebf9cfc5966b082cf9a028302ed4184","hash":"491de66a2eb10fec255f049554b762b76c5173a1"}
,"/Users/Abhipray 1/Desktop/MY home/mYY work/HEXAD_assignment/Hexad_trial_code/hexad/backend/repositories/bookRepo.js": {"path":"/Users/Abhipray 1/Desktop/MY home/mYY work/HEXAD_assignment/Hexad_trial_code/hexad/backend/repositories/bookRepo.js","statementMap":{"0":{"start":{"line":3,"column":23},"end":{"line":21,"column":3}},"1":{"start":{"line":5,"column":19},"end":{"line":5,"column":33}},"2":{"start":{"line":6,"column":22},"end":{"line":6,"column":57}},"3":{"start":{"line":7,"column":8},"end":{"line":7,"column":21}},"4":{"start":{"line":11,"column":41},"end":{"line":11,"column":45}},"5":{"start":{"line":12,"column":19},"end":{"line":12,"column":33}},"6":{"start":{"line":14,"column":26},"end":{"line":14,"column":95}},"7":{"start":{"line":15,"column":23},"end":{"line":18,"column":9}},"8":{"start":{"line":19,"column":8},"end":{"line":19,"column":26}}},"fnMap":{"0":{"name":"(anonymous_0)","decl":{"start":{"line":4,"column":12},"end":{"line":4,"column":13}},"loc":{"start":{"line":4,"column":24},"end":{"line":8,"column":5}},"line":4},"1":{"name":"(anonymous_1)","decl":{"start":{"line":10,"column":12},"end":{"line":10,"column":13}},"loc":{"start":{"line":10,"column":28},"end":{"line":20,"column":7}},"line":10}},"branchMap":{},"s":{"0":3,"1":0,"2":0,"3":0,"4":1,"5":1,"6":1,"7":1,"8":1},"f":{"0":0,"1":1},"b":{},"_coverageSchema":"43e27e138ebf9cfc5966b082cf9a028302ed4184","hash":"7a8d39d62f281b9d23ad5ba3dcce5b47a1f423ce"}
,"/Users/Abhipray 1/Desktop/MY home/mYY work/HEXAD_assignment/Hexad_trial_code/hexad/backend/repositories/userRepo.js": {"path":"/Users/Abhipray 1/Desktop/MY home/mYY work/HEXAD_assignment/Hexad_trial_code/hexad/backend/repositories/userRepo.js","statementMap":{"0":{"start":{"line":3,"column":23},"end":{"line":29,"column":3}},"1":{"start":{"line":5,"column":19},"end":{"line":5,"column":33}},"2":{"start":{"line":6,"column":22},"end":{"line":6,"column":57}},"3":{"start":{"line":8,"column":8},"end":{"line":8,"column":21}},"4":{"start":{"line":12,"column":19},"end":{"line":12,"column":33}},"5":{"start":{"line":13,"column":30},"end":{"line":13,"column":92}},"6":{"start":{"line":15,"column":8},"end":{"line":15,"column":29}},"7":{"start":{"line":19,"column":35},"end":{"line":19,"column":46}},"8":{"start":{"line":20,"column":19},"end":{"line":20,"column":33}},"9":{"start":{"line":22,"column":36},"end":{"line":22,"column":100}},"10":{"start":{"line":23,"column":33},"end":{"line":26,"column":9}},"11":{"start":{"line":27,"column":8},"end":{"line":27,"column":36}}},"fnMap":{"0":{"name":"(anonymous_0)","decl":{"start":{"line":4,"column":12},"end":{"line":4,"column":13}},"loc":{"start":{"line":4,"column":24},"end":{"line":9,"column":5}},"line":4},"1":{"name":"(anonymous_1)","decl":{"start":{"line":11,"column":20},"end":{"line":11,"column":21}},"loc":{"start":{"line":11,"column":38},"end":{"line":16,"column":5}},"line":11},"2":{"name":"(anonymous_2)","decl":{"start":{"line":18,"column":12},"end":{"line":18,"column":13}},"loc":{"start":{"line":18,"column":35},"end":{"line":28,"column":7}},"line":18}},"branchMap":{},"s":{"0":3,"1":0,"2":0,"3":0,"4":0,"5":0,"6":0,"7":0,"8":0,"9":0,"10":0,"11":0},"f":{"0":0,"1":0,"2":0},"b":{},"_coverageSchema":"43e27e138ebf9cfc5966b082cf9a028302ed4184","hash":"c8288d9a8b9af1d85b2eb3080007e59718ed0dc3"}
,"/Users/Abhipray 1/Desktop/MY home/mYY work/HEXAD_assignment/Hexad_trial_code/hexad/client/components/book/index.js": {"path":"/Users/Abhipray 1/Desktop/MY home/mYY work/HEXAD_assignment/Hexad_trial_code/hexad/client/components/book/index.js","statementMap":{"0":{"start":{"line":6,"column":17},"end":{"line":30,"column":1}},"1":{"start":{"line":11,"column":4},"end":{"line":29,"column":5}},"2":{"start":{"line":17,"column":51},"end":{"line":17,"column":78}},"3":{"start":{"line":19,"column":51},"end":{"line":19,"column":73}},"4":{"start":{"line":32,"column":0},"end":{"line":36,"column":2}}},"fnMap":{"0":{"name":"(anonymous_0)","decl":{"start":{"line":6,"column":17},"end":{"line":6,"column":18}},"loc":{"start":{"line":10,"column":6},"end":{"line":30,"column":1}},"line":10},"1":{"name":"(anonymous_1)","decl":{"start":{"line":8,"column":16},"end":{"line":8,"column":17}},"loc":{"start":{"line":8,"column":22},"end":{"line":8,"column":24}},"line":8},"2":{"name":"(anonymous_2)","decl":{"start":{"line":9,"column":21},"end":{"line":9,"column":22}},"loc":{"start":{"line":9,"column":27},"end":{"line":9,"column":29}},"line":9},"3":{"name":"(anonymous_3)","decl":{"start":{"line":17,"column":45},"end":{"line":17,"column":46}},"loc":{"start":{"line":17,"column":51},"end":{"line":17,"column":78}},"line":17},"4":{"name":"(anonymous_4)","decl":{"start":{"line":19,"column":45},"end":{"line":19,"column":46}},"loc":{"start":{"line":19,"column":51},"end":{"line":19,"column":73}},"line":19}},"branchMap":{"0":{"loc":{"start":{"line":7,"column":4},"end":{"line":7,"column":20}},"type":"default-arg","locations":[{"start":{"line":7,"column":18},"end":{"line":7,"column":20}}],"line":7},"1":{"loc":{"start":{"line":8,"column":4},"end":{"line":8,"column":24}},"type":"default-arg","locations":[{"start":{"line":8,"column":16},"end":{"line":8,"column":24}}],"line":8},"2":{"loc":{"start":{"line":9,"column":4},"end":{"line":9,"column":29}},"type":"default-arg","locations":[{"start":{"line":9,"column":21},"end":{"line":9,"column":29}}],"line":9},"3":{"loc":{"start":{"line":16,"column":21},"end":{"line":19,"column":95}},"type":"cond-expr","locations":[{"start":{"line":17,"column":24},"end":{"line":17,"column":95}},{"start":{"line":19,"column":24},"end":{"line":19,"column":95}}],"line":16},"4":{"loc":{"start":{"line":22,"column":17},"end":{"line":26,"column":17}},"type":"binary-expr","locations":[{"start":{"line":22,"column":17},"end":{"line":22,"column":45}},{"start":{"line":23,"column":20},"end":{"line":25,"column":26}}],"line":22}},"s":{"0":1,"1":1,"2":0,"3":0,"4":1},"f":{"0":1,"1":0,"2":0,"3":0,"4":0},"b":{"0":[0],"1":[0],"2":[0],"3":[0,1],"4":[1,0]},"_coverageSchema":"43e27e138ebf9cfc5966b082cf9a028302ed4184","hash":"160db7889357b27fb47bd70a65b2af366365ccd5"}
,"/Users/Abhipray 1/Desktop/MY home/mYY work/HEXAD_assignment/Hexad_trial_code/hexad/client/components/book/__test__/__mock.js": {"path":"/Users/Abhipray 1/Desktop/MY home/mYY work/HEXAD_assignment/Hexad_trial_code/hexad/client/components/book/__test__/__mock.js","statementMap":{"0":{"start":{"line":2,"column":0},"end":{"line":8,"column":1}}},"fnMap":{},"branchMap":{},"s":{"0":1},"f":{},"b":{},"_coverageSchema":"43e27e138ebf9cfc5966b082cf9a028302ed4184","hash":"56d7e9333ce468846220b08d23bba59cb80482f5"}
,"/Users/Abhipray 1/Desktop/MY home/mYY work/HEXAD_assignment/Hexad_trial_code/hexad/client/components/button/index.js": {"path":"/Users/Abhipray 1/Desktop/MY home/mYY work/HEXAD_assignment/Hexad_trial_code/hexad/client/components/button/index.js","statementMap":{"0":{"start":{"line":5,"column":19},"end":{"line":16,"column":1}},"1":{"start":{"line":11,"column":4},"end":{"line":15,"column":5}},"2":{"start":{"line":18,"column":0},"end":{"line":22,"column":2}}},"fnMap":{"0":{"name":"(anonymous_0)","decl":{"start":{"line":5,"column":19},"end":{"line":5,"column":20}},"loc":{"start":{"line":10,"column":6},"end":{"line":16,"column":1}},"line":10},"1":{"name":"(anonymous_1)","decl":{"start":{"line":9,"column":18},"end":{"line":9,"column":19}},"loc":{"start":{"line":9,"column":24},"end":{"line":9,"column":26}},"line":9}},"branchMap":{"0":{"loc":{"start":{"line":6,"column":4},"end":{"line":6,"column":28}},"type":"default-arg","locations":[{"start":{"line":6,"column":15},"end":{"line":6,"column":28}}],"line":6},"1":{"loc":{"start":{"line":7,"column":4},"end":{"line":7,"column":20}},"type":"default-arg","locations":[{"start":{"line":7,"column":11},"end":{"line":7,"column":20}}],"line":7},"2":{"loc":{"start":{"line":8,"column":4},"end":{"line":8,"column":19}},"type":"default-arg","locations":[{"start":{"line":8,"column":11},"end":{"line":8,"column":19}}],"line":8},"3":{"loc":{"start":{"line":9,"column":4},"end":{"line":9,"column":26}},"type":"default-arg","locations":[{"start":{"line":9,"column":18},"end":{"line":9,"column":26}}],"line":9}},"s":{"0":3,"1":2,"2":3},"f":{"0":2,"1":0},"b":{"0":[0],"1":[1],"2":[1],"3":[0]},"_coverageSchema":"43e27e138ebf9cfc5966b082cf9a028302ed4184","hash":"6c5969369bf024a80dc7242ab404232679e8c653"}
,"/Users/Abhipray 1/Desktop/MY home/mYY work/HEXAD_assignment/Hexad_trial_code/hexad/client/components/emptyScreenWithMsg/index.js": {"path":"/Users/Abhipray 1/Desktop/MY home/mYY work/HEXAD_assignment/Hexad_trial_code/hexad/client/components/emptyScreenWithMsg/index.js","statementMap":{"0":{"start":{"line":5,"column":27},"end":{"line":15,"column":1}},"1":{"start":{"line":8,"column":4},"end":{"line":14,"column":5}},"2":{"start":{"line":17,"column":0},"end":{"line":19,"column":2}}},"fnMap":{"0":{"name":"(anonymous_0)","decl":{"start":{"line":5,"column":27},"end":{"line":5,"column":28}},"loc":{"start":{"line":7,"column":6},"end":{"line":15,"column":1}},"line":7}},"branchMap":{"0":{"loc":{"start":{"line":6,"column":4},"end":{"line":6,"column":35}},"type":"default-arg","locations":[{"start":{"line":6,"column":17},"end":{"line":6,"column":35}}],"line":6}},"s":{"0":1,"1":1,"2":1},"f":{"0":1},"b":{"0":[0]},"_coverageSchema":"43e27e138ebf9cfc5966b082cf9a028302ed4184","hash":"9db90cd6f6a9ec9eae58a219aa01da080f67e686"}
,"/Users/Abhipray 1/Desktop/MY home/mYY work/HEXAD_assignment/Hexad_trial_code/hexad/client/components/slider/index.js": {"path":"/Users/Abhipray 1/Desktop/MY home/mYY work/HEXAD_assignment/Hexad_trial_code/hexad/client/components/slider/index.js","statementMap":{"0":{"start":{"line":6,"column":15},"end":{"line":41,"column":1}},"1":{"start":{"line":16,"column":4},"end":{"line":40,"column":5}},"2":{"start":{"line":25,"column":24},"end":{"line":28,"column":30}},"3":{"start":{"line":27,"column":77},"end":{"line":27,"column":99}},"4":{"start":{"line":35,"column":51},"end":{"line":35,"column":63}},"5":{"start":{"line":43,"column":0},"end":{"line":52,"column":2}}},"fnMap":{"0":{"name":"(anonymous_0)","decl":{"start":{"line":6,"column":15},"end":{"line":6,"column":16}},"loc":{"start":{"line":15,"column":6},"end":{"line":41,"column":1}},"line":15},"1":{"name":"(anonymous_1)","decl":{"start":{"line":9,"column":23},"end":{"line":9,"column":24}},"loc":{"start":{"line":9,"column":29},"end":{"line":9,"column":31}},"line":9},"2":{"name":"(anonymous_2)","decl":{"start":{"line":10,"column":17},"end":{"line":10,"column":18}},"loc":{"start":{"line":10,"column":23},"end":{"line":10,"column":25}},"line":10},"3":{"name":"(anonymous_3)","decl":{"start":{"line":11,"column":17},"end":{"line":11,"column":18}},"loc":{"start":{"line":11,"column":23},"end":{"line":11,"column":25}},"line":11},"4":{"name":"(anonymous_4)","decl":{"start":{"line":24,"column":37},"end":{"line":24,"column":38}},"loc":{"start":{"line":25,"column":24},"end":{"line":28,"column":30}},"line":25},"5":{"name":"(anonymous_5)","decl":{"start":{"line":27,"column":71},"end":{"line":27,"column":72}},"loc":{"start":{"line":27,"column":77},"end":{"line":27,"column":99}},"line":27},"6":{"name":"(anonymous_6)","decl":{"start":{"line":35,"column":45},"end":{"line":35,"column":46}},"loc":{"start":{"line":35,"column":51},"end":{"line":35,"column":63}},"line":35}},"branchMap":{"0":{"loc":{"start":{"line":7,"column":4},"end":{"line":7,"column":28}},"type":"default-arg","locations":[{"start":{"line":7,"column":22},"end":{"line":7,"column":28}}],"line":7},"1":{"loc":{"start":{"line":8,"column":4},"end":{"line":8,"column":20}},"type":"default-arg","locations":[{"start":{"line":8,"column":18},"end":{"line":8,"column":20}}],"line":8},"2":{"loc":{"start":{"line":9,"column":4},"end":{"line":9,"column":31}},"type":"default-arg","locations":[{"start":{"line":9,"column":23},"end":{"line":9,"column":31}}],"line":9},"3":{"loc":{"start":{"line":10,"column":4},"end":{"line":10,"column":25}},"type":"default-arg","locations":[{"start":{"line":10,"column":17},"end":{"line":10,"column":25}}],"line":10},"4":{"loc":{"start":{"line":11,"column":4},"end":{"line":11,"column":25}},"type":"default-arg","locations":[{"start":{"line":11,"column":17},"end":{"line":11,"column":25}}],"line":11},"5":{"loc":{"start":{"line":12,"column":4},"end":{"line":12,"column":23}},"type":"default-arg","locations":[{"start":{"line":12,"column":18},"end":{"line":12,"column":23}}],"line":12},"6":{"loc":{"start":{"line":13,"column":4},"end":{"line":13,"column":23}},"type":"default-arg","locations":[{"start":{"line":13,"column":18},"end":{"line":13,"column":23}}],"line":13},"7":{"loc":{"start":{"line":14,"column":4},"end":{"line":14,"column":22}},"type":"default-arg","locations":[{"start":{"line":14,"column":20},"end":{"line":14,"column":22}}],"line":14},"8":{"loc":{"start":{"line":27,"column":29},"end":{"line":27,"column":152}},"type":"binary-expr","locations":[{"start":{"line":27,"column":29},"end":{"line":27,"column":41}},{"start":{"line":27,"column":45},"end":{"line":27,"column":152}}],"line":27},"9":{"loc":{"start":{"line":31,"column":17},"end":{"line":31,"column":128}},"type":"binary-expr","locations":[{"start":{"line":31,"column":17},"end":{"line":31,"column":41}},{"start":{"line":31,"column":45},"end":{"line":31,"column":128}}],"line":31},"10":{"loc":{"start":{"line":32,"column":17},"end":{"line":37,"column":17}},"type":"binary-expr","locations":[{"start":{"line":32,"column":17},"end":{"line":32,"column":29}},{"start":{"line":32,"column":33},"end":{"line":32,"column":55}},{"start":{"line":33,"column":20},"end":{"line":36,"column":26}}],"line":32},"11":{"loc":{"start":{"line":34,"column":25},"end":{"line":34,"column":136}},"type":"binary-expr","locations":[{"start":{"line":34,"column":25},"end":{"line":34,"column":49}},{"start":{"line":34,"column":53},"end":{"line":34,"column":136}}],"line":34}},"s":{"0":1,"1":2,"2":0,"3":0,"4":0,"5":1},"f":{"0":2,"1":0,"2":0,"3":0,"4":0,"5":0,"6":0},"b":{"0":[0],"1":[2],"2":[0],"3":[0],"4":[0],"5":[2],"6":[1],"7":[0],"8":[0,0],"9":[2,2],"10":[2,1,0],"11":[0,0]},"_coverageSchema":"43e27e138ebf9cfc5966b082cf9a028302ed4184","hash":"4908ada217a1a6c0244d3089abd91e028085b6bb"}
,"/Users/Abhipray 1/Desktop/MY home/mYY work/HEXAD_assignment/Hexad_trial_code/hexad/client/components/slider/__test__/__mock.js": {"path":"/Users/Abhipray 1/Desktop/MY home/mYY work/HEXAD_assignment/Hexad_trial_code/hexad/client/components/slider/__test__/__mock.js","statementMap":{"0":{"start":{"line":1,"column":27},"end":{"line":9,"column":1}}},"fnMap":{},"branchMap":{},"s":{"0":1},"f":{},"b":{},"_coverageSchema":"43e27e138ebf9cfc5966b082cf9a028302ed4184","hash":"a9ce4da9e1bf885c0773db4a553574f7e1612710"}
,"/Users/Abhipray 1/Desktop/MY home/mYY work/HEXAD_assignment/Hexad_trial_code/hexad/pages/api/borrowBooks/index.js": {"path":"/Users/Abhipray 1/Desktop/MY home/mYY work/HEXAD_assignment/Hexad_trial_code/hexad/pages/api/borrowBooks/index.js","statementMap":{"0":{"start":{"line":6,"column":18},"end":{"line":6,"column":38}},"1":{"start":{"line":7,"column":26},"end":{"line":7,"column":95}},"2":{"start":{"line":8,"column":16},"end":{"line":8,"column":45}},"3":{"start":{"line":10,"column":23},"end":{"line":10,"column":99}},"4":{"start":{"line":12,"column":2},"end":{"line":22,"column":7}},"5":{"start":{"line":15,"column":8},"end":{"line":15,"column":29}},"6":{"start":{"line":16,"column":8},"end":{"line":20,"column":11}},"7":{"start":{"line":21,"column":8},"end":{"line":21,"column":15}},"8":{"start":{"line":24,"column":2},"end":{"line":53,"column":3}},"9":{"start":{"line":26,"column":4},"end":{"line":35,"column":5}},"10":{"start":{"line":26,"column":21},"end":{"line":26,"column":22}},"11":{"start":{"line":27,"column":8},"end":{"line":30,"column":11}},"12":{"start":{"line":31,"column":8},"end":{"line":34,"column":86}},"13":{"start":{"line":32,"column":12},"end":{"line":32,"column":64}},"14":{"start":{"line":34,"column":12},"end":{"line":34,"column":86}},"15":{"start":{"line":37,"column":4},"end":{"line":40,"column":7}},"16":{"start":{"line":42,"column":4},"end":{"line":42,"column":25}},"17":{"start":{"line":43,"column":4},"end":{"line":46,"column":7}},"18":{"start":{"line":49,"column":4},"end":{"line":52,"column":7}}},"fnMap":{"0":{"name":"(anonymous_0)","decl":{"start":{"line":5,"column":15},"end":{"line":5,"column":16}},"loc":{"start":{"line":5,"column":35},"end":{"line":56,"column":1}},"line":5}},"branchMap":{"0":{"loc":{"start":{"line":8,"column":16},"end":{"line":8,"column":45}},"type":"binary-expr","locations":[{"start":{"line":8,"column":16},"end":{"line":8,"column":39}},{"start":{"line":8,"column":43},"end":{"line":8,"column":45}}],"line":8},"1":{"loc":{"start":{"line":10,"column":23},"end":{"line":10,"column":99}},"type":"cond-expr","locations":[{"start":{"line":10,"column":60},"end":{"line":10,"column":94}},{"start":{"line":10,"column":97},"end":{"line":10,"column":99}}],"line":10},"2":{"loc":{"start":{"line":12,"column":2},"end":{"line":22,"column":7}},"type":"if","locations":[{"start":{"line":12,"column":2},"end":{"line":22,"column":7}},{"start":{"line":12,"column":2},"end":{"line":22,"column":7}}],"line":12},"3":{"loc":{"start":{"line":12,"column":6},"end":{"line":14,"column":69}},"type":"binary-expr","locations":[{"start":{"line":12,"column":6},"end":{"line":12,"column":35}},{"start":{"line":13,"column":9},"end":{"line":13,"column":33}},{"start":{"line":14,"column":9},"end":{"line":14,"column":69}}],"line":12},"4":{"loc":{"start":{"line":24,"column":2},"end":{"line":53,"column":3}},"type":"if","locations":[{"start":{"line":24,"column":2},"end":{"line":53,"column":3}},{"start":{"line":24,"column":2},"end":{"line":53,"column":3}}],"line":24},"5":{"loc":{"start":{"line":24,"column":6},"end":{"line":24,"column":88}},"type":"binary-expr","locations":[{"start":{"line":24,"column":6},"end":{"line":24,"column":57}},{"start":{"line":24,"column":61},"end":{"line":24,"column":88}}],"line":24},"6":{"loc":{"start":{"line":31,"column":8},"end":{"line":34,"column":86}},"type":"if","locations":[{"start":{"line":31,"column":8},"end":{"line":34,"column":86}},{"start":{"line":31,"column":8},"end":{"line":34,"column":86}}],"line":31}},"s":{"0":3,"1":3,"2":3,"3":3,"4":3,"5":1,"6":1,"7":1,"8":2,"9":1,"10":1,"11":1,"12":1,"13":0,"14":1,"15":1,"16":1,"17":1,"18":1},"f":{"0":3},"b":{"0":[3,0],"1":[3,0],"2":[1,2],"3":[3,2,2],"4":[1,1],"5":[2,1],"6":[0,1]},"_coverageSchema":"43e27e138ebf9cfc5966b082cf9a028302ed4184","hash":"ed46d2fa5e70f61eed3a6534eb395d03df8ff4b0"}
,"/Users/Abhipray 1/Desktop/MY home/mYY work/HEXAD_assignment/Hexad_trial_code/hexad/pages/api/getBooksList/index.js": {"path":"/Users/Abhipray 1/Desktop/MY home/mYY work/HEXAD_assignment/Hexad_trial_code/hexad/pages/api/getBooksList/index.js","statementMap":{"0":{"start":{"line":4,"column":2},"end":{"line":6,"column":3}},"1":{"start":{"line":5,"column":4},"end":{"line":5,"column":30}},"2":{"start":{"line":8,"column":16},"end":{"line":8,"column":39}},"3":{"start":{"line":10,"column":2},"end":{"line":10,"column":23}},"4":{"start":{"line":11,"column":2},"end":{"line":11,"column":26}}},"fnMap":{"0":{"name":"(anonymous_0)","decl":{"start":{"line":3,"column":15},"end":{"line":3,"column":16}},"loc":{"start":{"line":3,"column":35},"end":{"line":12,"column":1}},"line":3}},"branchMap":{"0":{"loc":{"start":{"line":4,"column":2},"end":{"line":6,"column":3}},"type":"if","locations":[{"start":{"line":4,"column":2},"end":{"line":6,"column":3}},{"start":{"line":4,"column":2},"end":{"line":6,"column":3}}],"line":4}},"s":{"0":2,"1":1,"2":1,"3":1,"4":1},"f":{"0":2},"b":{"0":[1,1]},"_coverageSchema":"43e27e138ebf9cfc5966b082cf9a028302ed4184","hash":"f441923bd15b3ceb85cd50375a6c98db94dccf23"}
,"/Users/Abhipray 1/Desktop/MY home/mYY work/HEXAD_assignment/Hexad_trial_code/hexad/pages/api/getUserDetails/index.js": {"path":"/Users/Abhipray 1/Desktop/MY home/mYY work/HEXAD_assignment/Hexad_trial_code/hexad/pages/api/getUserDetails/index.js","statementMap":{"0":{"start":{"line":4,"column":19},"end":{"line":4,"column":39}},"1":{"start":{"line":6,"column":2},"end":{"line":17,"column":3}},"2":{"start":{"line":7,"column":24},"end":{"line":7,"column":70}},"3":{"start":{"line":9,"column":4},"end":{"line":14,"column":5}},"4":{"start":{"line":10,"column":6},"end":{"line":10,"column":27}},"5":{"start":{"line":11,"column":6},"end":{"line":11,"column":36}},"6":{"start":{"line":13,"column":6},"end":{"line":13,"column":25}},"7":{"start":{"line":16,"column":4},"end":{"line":16,"column":25}}},"fnMap":{"0":{"name":"(anonymous_0)","decl":{"start":{"line":3,"column":15},"end":{"line":3,"column":16}},"loc":{"start":{"line":3,"column":35},"end":{"line":20,"column":1}},"line":3}},"branchMap":{"0":{"loc":{"start":{"line":6,"column":2},"end":{"line":17,"column":3}},"type":"if","locations":[{"start":{"line":6,"column":2},"end":{"line":17,"column":3}},{"start":{"line":6,"column":2},"end":{"line":17,"column":3}}],"line":6},"1":{"loc":{"start":{"line":9,"column":4},"end":{"line":14,"column":5}},"type":"if","locations":[{"start":{"line":9,"column":4},"end":{"line":14,"column":5}},{"start":{"line":9,"column":4},"end":{"line":14,"column":5}}],"line":9}},"s":{"0":7,"1":7,"2":6,"3":6,"4":1,"5":1,"6":5,"7":1},"f":{"0":7},"b":{"0":[6,1],"1":[1,5]},"_coverageSchema":"43e27e138ebf9cfc5966b082cf9a028302ed4184","hash":"a804413cd7cdd3096c604eab5296b8e1086740b6"}
,"/Users/Abhipray 1/Desktop/MY home/mYY work/HEXAD_assignment/Hexad_trial_code/hexad/pages/api/returnBook/index.js": {"path":"/Users/Abhipray 1/Desktop/MY home/mYY work/HEXAD_assignment/Hexad_trial_code/hexad/pages/api/returnBook/index.js","statementMap":{"0":{"start":{"line":6,"column":18},"end":{"line":6,"column":38}},"1":{"start":{"line":7,"column":16},"end":{"line":7,"column":18}},"2":{"start":{"line":8,"column":26},"end":{"line":8,"column":95}},"3":{"start":{"line":10,"column":26},"end":{"line":10,"column":60}},"4":{"start":{"line":11,"column":23},"end":{"line":11,"column":99}},"5":{"start":{"line":11,"column":52},"end":{"line":11,"column":92}},"6":{"start":{"line":13,"column":2},"end":{"line":39,"column":3}},"7":{"start":{"line":15,"column":4},"end":{"line":18,"column":7}},"8":{"start":{"line":20,"column":4},"end":{"line":23,"column":74}},"9":{"start":{"line":21,"column":8},"end":{"line":21,"column":52}},"10":{"start":{"line":23,"column":8},"end":{"line":23,"column":74}},"11":{"start":{"line":25,"column":4},"end":{"line":28,"column":7}},"12":{"start":{"line":30,"column":4},"end":{"line":30,"column":25}},"13":{"start":{"line":31,"column":4},"end":{"line":33,"column":7}},"14":{"start":{"line":36,"column":4},"end":{"line":38,"column":7}}},"fnMap":{"0":{"name":"(anonymous_0)","decl":{"start":{"line":5,"column":15},"end":{"line":5,"column":16}},"loc":{"start":{"line":5,"column":35},"end":{"line":42,"column":1}},"line":5},"1":{"name":"(anonymous_1)","decl":{"start":{"line":11,"column":46},"end":{"line":11,"column":47}},"loc":{"start":{"line":11,"column":52},"end":{"line":11,"column":92}},"line":11}},"branchMap":{"0":{"loc":{"start":{"line":11,"column":23},"end":{"line":11,"column":99}},"type":"binary-expr","locations":[{"start":{"line":11,"column":23},"end":{"line":11,"column":93}},{"start":{"line":11,"column":97},"end":{"line":11,"column":99}}],"line":11},"1":{"loc":{"start":{"line":13,"column":2},"end":{"line":39,"column":3}},"type":"if","locations":[{"start":{"line":13,"column":2},"end":{"line":39,"column":3}},{"start":{"line":13,"column":2},"end":{"line":39,"column":3}}],"line":13},"2":{"loc":{"start":{"line":13,"column":6},"end":{"line":13,"column":56}},"type":"binary-expr","locations":[{"start":{"line":13,"column":6},"end":{"line":13,"column":29}},{"start":{"line":13,"column":33},"end":{"line":13,"column":56}}],"line":13},"3":{"loc":{"start":{"line":20,"column":4},"end":{"line":23,"column":74}},"type":"if","locations":[{"start":{"line":20,"column":4},"end":{"line":23,"column":74}},{"start":{"line":20,"column":4},"end":{"line":23,"column":74}}],"line":20},"4":{"loc":{"start":{"line":26,"column":14},"end":{"line":26,"column":35}},"type":"binary-expr","locations":[{"start":{"line":26,"column":14},"end":{"line":26,"column":29}},{"start":{"line":26,"column":33},"end":{"line":26,"column":35}}],"line":26}},"s":{"0":2,"1":2,"2":2,"3":2,"4":2,"5":4,"6":2,"7":1,"8":1,"9":1,"10":0,"11":1,"12":1,"13":1,"14":1},"f":{"0":2,"1":4},"b":{"0":[2,0],"1":[1,1],"2":[2,1],"3":[1,0],"4":[1,0]},"_coverageSchema":"43e27e138ebf9cfc5966b082cf9a028302ed4184","hash":"af446e49275ee93caf613038702a2746ccfafde6"}
}
