TN:
SF:/Users/Abhipray 1/Desktop/MY home/mYY work/HEXAD_assignment/Hexad_trial_code/hexad/backend/configs/database/dao.js
FN:3,(anonymous_0)
FNF:1
FNH:1
FNDA:1,(anonymous_0)
DA:4,1
LF:1
LH:1
BRF:0
BRH:0
end_of_record
TN:
SF:/Users/Abhipray 1/Desktop/MY home/mYY work/HEXAD_assignment/Hexad_trial_code/hexad/backend/repositories/bookRepo.js
FN:4,(anonymous_0)
FN:10,(anonymous_1)
FNF:2
FNH:1
FNDA:0,(anonymous_0)
FNDA:1,(anonymous_1)
DA:3,3
DA:5,0
DA:6,0
DA:7,0
DA:11,1
DA:12,1
DA:14,1
DA:15,1
DA:19,1
LF:9
LH:6
BRF:0
BRH:0
end_of_record
TN:
SF:/Users/Abhipray 1/Desktop/MY home/mYY work/HEXAD_assignment/Hexad_trial_code/hexad/backend/repositories/userRepo.js
FN:4,(anonymous_0)
FN:11,(anonymous_1)
FN:18,(anonymous_2)
FNF:3
FNH:0
FNDA:0,(anonymous_0)
FNDA:0,(anonymous_1)
FNDA:0,(anonymous_2)
DA:3,3
DA:5,0
DA:6,0
DA:8,0
DA:12,0
DA:13,0
DA:15,0
DA:19,0
DA:20,0
DA:22,0
DA:23,0
DA:27,0
LF:12
LH:1
BRF:0
BRH:0
end_of_record
TN:
SF:/Users/Abhipray 1/Desktop/MY home/mYY work/HEXAD_assignment/Hexad_trial_code/hexad/client/components/book/index.js
FN:6,(anonymous_0)
FN:8,(anonymous_1)
FN:9,(anonymous_2)
FN:17,(anonymous_3)
FN:19,(anonymous_4)
FNF:5
FNH:1
FNDA:1,(anonymous_0)
FNDA:0,(anonymous_1)
FNDA:0,(anonymous_2)
FNDA:0,(anonymous_3)
FNDA:0,(anonymous_4)
DA:6,1
DA:11,1
DA:17,0
DA:19,0
DA:32,1
LF:5
LH:3
BRDA:7,0,0,0
BRDA:8,1,0,0
BRDA:9,2,0,0
BRDA:16,3,0,0
BRDA:16,3,1,1
BRDA:22,4,0,1
BRDA:22,4,1,0
BRF:7
BRH:2
end_of_record
TN:
SF:/Users/Abhipray 1/Desktop/MY home/mYY work/HEXAD_assignment/Hexad_trial_code/hexad/client/components/book/__test__/__mock.js
FNF:0
FNH:0
DA:2,1
LF:1
LH:1
BRF:0
BRH:0
end_of_record
TN:
SF:/Users/Abhipray 1/Desktop/MY home/mYY work/HEXAD_assignment/Hexad_trial_code/hexad/client/components/button/index.js
FN:5,(anonymous_0)
FN:9,(anonymous_1)
FNF:2
FNH:1
FNDA:2,(anonymous_0)
FNDA:0,(anonymous_1)
DA:5,3
DA:11,2
DA:18,3
LF:3
LH:3
BRDA:6,0,0,0
BRDA:7,1,0,1
BRDA:8,2,0,1
BRDA:9,3,0,0
BRF:4
BRH:2
end_of_record
TN:
SF:/Users/Abhipray 1/Desktop/MY home/mYY work/HEXAD_assignment/Hexad_trial_code/hexad/client/components/emptyScreenWithMsg/index.js
FN:5,(anonymous_0)
FNF:1
FNH:1
FNDA:1,(anonymous_0)
DA:5,1
DA:8,1
DA:17,1
LF:3
LH:3
BRDA:6,0,0,0
BRF:1
BRH:0
end_of_record
TN:
SF:/Users/Abhipray 1/Desktop/MY home/mYY work/HEXAD_assignment/Hexad_trial_code/hexad/client/components/slider/index.js
FN:6,(anonymous_0)
FN:9,(anonymous_1)
FN:10,(anonymous_2)
FN:11,(anonymous_3)
FN:24,(anonymous_4)
FN:27,(anonymous_5)
FN:35,(anonymous_6)
FNF:7
FNH:1
FNDA:2,(anonymous_0)
FNDA:0,(anonymous_1)
FNDA:0,(anonymous_2)
FNDA:0,(anonymous_3)
FNDA:0,(anonymous_4)
FNDA:0,(anonymous_5)
FNDA:0,(anonymous_6)
DA:6,1
DA:16,2
DA:25,0
DA:27,0
DA:35,0
DA:43,1
LF:6
LH:3
BRDA:7,0,0,0
BRDA:8,1,0,2
BRDA:9,2,0,0
BRDA:10,3,0,0
BRDA:11,4,0,0
BRDA:12,5,0,2
BRDA:13,6,0,1
BRDA:14,7,0,0
BRDA:27,8,0,0
BRDA:27,8,1,0
BRDA:31,9,0,2
BRDA:31,9,1,2
BRDA:32,10,0,2
BRDA:32,10,1,1
BRDA:32,10,2,0
BRDA:34,11,0,0
BRDA:34,11,1,0
BRF:17
BRH:7
end_of_record
TN:
SF:/Users/Abhipray 1/Desktop/MY home/mYY work/HEXAD_assignment/Hexad_trial_code/hexad/client/components/slider/__test__/__mock.js
FNF:0
FNH:0
DA:1,1
LF:1
LH:1
BRF:0
BRH:0
end_of_record
TN:
SF:/Users/Abhipray 1/Desktop/MY home/mYY work/HEXAD_assignment/Hexad_trial_code/hexad/pages/api/borrowBooks/index.js
FN:5,(anonymous_0)
FNF:1
FNH:1
FNDA:3,(anonymous_0)
DA:6,3
DA:7,3
DA:8,3
DA:10,3
DA:12,3
DA:15,1
DA:16,1
DA:21,1
DA:24,2
DA:26,1
DA:27,1
DA:31,1
DA:32,0
DA:34,1
DA:37,1
DA:42,1
DA:43,1
DA:49,1
LF:18
LH:17
BRDA:8,0,0,3
BRDA:8,0,1,0
BRDA:10,1,0,3
BRDA:10,1,1,0
BRDA:12,2,0,1
BRDA:12,2,1,2
BRDA:12,3,0,3
BRDA:12,3,1,2
BRDA:12,3,2,2
BRDA:24,4,0,1
BRDA:24,4,1,1
BRDA:24,5,0,2
BRDA:24,5,1,1
BRDA:31,6,0,0
BRDA:31,6,1,1
BRF:15
BRH:12
end_of_record
TN:
SF:/Users/Abhipray 1/Desktop/MY home/mYY work/HEXAD_assignment/Hexad_trial_code/hexad/pages/api/getBooksList/index.js
FN:3,(anonymous_0)
FNF:1
FNH:1
FNDA:2,(anonymous_0)
DA:4,2
DA:5,1
DA:8,1
DA:10,1
DA:11,1
LF:5
LH:5
BRDA:4,0,0,1
BRDA:4,0,1,1
BRF:2
BRH:2
end_of_record
TN:
SF:/Users/Abhipray 1/Desktop/MY home/mYY work/HEXAD_assignment/Hexad_trial_code/hexad/pages/api/getUserDetails/index.js
FN:3,(anonymous_0)
FNF:1
FNH:1
FNDA:7,(anonymous_0)
DA:4,7
DA:6,7
DA:7,6
DA:9,6
DA:10,1
DA:11,1
DA:13,5
DA:16,1
LF:8
LH:8
BRDA:6,0,0,6
BRDA:6,0,1,1
BRDA:9,1,0,1
BRDA:9,1,1,5
BRF:4
BRH:4
end_of_record
TN:
SF:/Users/Abhipray 1/Desktop/MY home/mYY work/HEXAD_assignment/Hexad_trial_code/hexad/pages/api/returnBook/index.js
FN:5,(anonymous_0)
FN:11,(anonymous_1)
FNF:2
FNH:2
FNDA:2,(anonymous_0)
FNDA:4,(anonymous_1)
DA:6,2
DA:7,2
DA:8,2
DA:10,2
DA:11,4
DA:13,2
DA:15,1
DA:20,1
DA:21,1
DA:23,0
DA:25,1
DA:30,1
DA:31,1
DA:36,1
LF:14
LH:13
BRDA:11,0,0,2
BRDA:11,0,1,0
BRDA:13,1,0,1
BRDA:13,1,1,1
BRDA:13,2,0,2
BRDA:13,2,1,1
BRDA:20,3,0,1
BRDA:20,3,1,0
BRDA:26,4,0,1
BRDA:26,4,1,0
BRF:10
BRH:7
end_of_record
